<?xml version="1.0" encoding="UTF-8"?>
<!-- Generated by org.testng.reporters.JUnitXMLReporter -->
<testsuite hostname="DESKTOP-TGVAJOM" ignored="0" name="Default test" tests="3" failures="0" timestamp="04 Jun 2020 03:12:28 GMT" time="0.092" errors="0">
  <testcase name="testcase4" time="0.019" classname="com.testng.ParciallTestcase1$ParallelExecution1"/>
  <testcase name="testcase5" time="0.003" classname="com.testng.ParciallTestcase1$ParallelExecution1"/>
  <testcase name="testcase6" time="0.01" classname="com.testng.ParciallTestcase1$ParallelExecution1"/>
</testsuite> <!-- Default test -->
